  main.cpp
c:\users\yitong\desktop\cs 6660 (continue)\project\proj-xuan\project\project\src\main.cpp(7): warning C4067: unexpected tokens following preprocessor directive - expected a newline
c:\users\yitong\desktop\cs 6660 (continue)\project\proj-xuan\project\project\src\cloth.h(38): warning C4244: '+=': conversion from 'double' to 'TYPE', possible loss of data
          with
          [
              TYPE=float
          ]
c:\users\yitong\desktop\cs 6660 (continue)\project\proj-xuan\project\project\src\cloth.h(39): warning C4244: '+=': conversion from 'double' to 'TYPE', possible loss of data
          with
          [
              TYPE=float
          ]
c:\users\yitong\desktop\cs 6660 (continue)\project\proj-xuan\project\project\src\main.cpp(72): warning C4305: 'argument': truncation from 'double' to 'TYPE'
          with
          [
              TYPE=float
          ]
c:\users\yitong\desktop\cs 6660 (continue)\project\proj-xuan\project\project\src\main.cpp(140): warning C4244: 'argument': conversion from 'int' to 'TYPE', possible loss of data
          with
          [
              TYPE=float
          ]
c:\users\yitong\desktop\cs 6660 (continue)\project\proj-xuan\project\project\src\main.cpp(147): warning C4244: '=': conversion from 'int' to 'TYPE', possible loss of data
          with
          [
              TYPE=float
          ]
c:\users\yitong\desktop\cs 6660 (continue)\project\proj-xuan\project\project\src\main.cpp(148): warning C4244: '=': conversion from 'int' to 'TYPE', possible loss of data
          with
          [
              TYPE=float
          ]
c:\users\yitong\desktop\cs 6660 (continue)\project\proj-xuan\project\project\src\main.cpp(156): warning C4244: 'argument': conversion from 'int' to 'TYPE', possible loss of data
          with
          [
              TYPE=float
          ]
c:\users\yitong\desktop\cs 6660 (continue)\project\proj-xuan\project\project\src\main.cpp(162): warning C4244: 'argument': conversion from 'int' to 'float', possible loss of data
c:\users\yitong\desktop\cs 6660 (continue)\project\proj-xuan\project\project\src\main.cpp(164): warning C4244: '=': conversion from 'int' to 'TYPE', possible loss of data
          with
          [
              TYPE=float
          ]
c:\users\yitong\desktop\cs 6660 (continue)\project\proj-xuan\project\project\src\main.cpp(165): warning C4244: '=': conversion from 'int' to 'TYPE', possible loss of data
          with
          [
              TYPE=float
          ]
c:\users\yitong\desktop\cs 6660 (continue)\project\proj-xuan\project\project\src\main.cpp(188): warning C4305: '+=': truncation from 'double' to 'float'
  Generating code
  10 of 340 functions ( 2.9%) were compiled, the rest were copied from previous compilation.
    3 functions were new in current compilation
    2 functions had inline decision re-evaluated but remain unchanged
  Finished generating code
  Project.vcxproj -> C:\Users\Yitong\Desktop\CS 6660 (Continue)\Project\proj-xuan\Project\Release\Project.exe
